[Lifespan] EventCore ERP v1.0.0 starting...
2026-05-30 11:33:26,914 INFO sqlalchemy.engine.Engine BEGIN (implicit)
2026-05-30 11:33:26,916 INFO sqlalchemy.engine.Engine PRAGMA main.table_info("clients")
2026-05-30 11:33:26,917 INFO sqlalchemy.engine.Engine [raw sql] ()
2026-05-30 11:33:26,931 INFO sqlalchemy.engine.Engine PRAGMA main.table_info("jobs")
2026-05-30 11:33:26,933 INFO sqlalchemy.engine.Engine [raw sql] ()
2026-05-30 11:33:26,937 INFO sqlalchemy.engine.Engine PRAGMA main.table_info("job_line_items")
2026-05-30 11:33:26,938 INFO sqlalchemy.engine.Engine [raw sql] ()
2026-05-30 11:33:26,942 INFO sqlalchemy.engine.Engine PRAGMA main.table_info("vendors")
2026-05-30 11:33:26,943 INFO sqlalchemy.engine.Engine [raw sql] ()
2026-05-30 11:33:26,949 INFO sqlalchemy.engine.Engine PRAGMA main.table_info("purchase_invoices")
2026-05-30 11:33:26,949 INFO sqlalchemy.engine.Engine [raw sql] ()
2026-05-30 11:33:26,952 INFO sqlalchemy.engine.Engine PRAGMA main.table_info("bank_transactions")
2026-05-30 11:33:26,952 INFO sqlalchemy.engine.Engine [raw sql] ()
2026-05-30 11:33:26,954 INFO sqlalchemy.engine.Engine PRAGMA main.table_info("petty_cash")
2026-05-30 11:33:26,954 INFO sqlalchemy.engine.Engine [raw sql] ()
2026-05-30 11:33:26,956 INFO sqlalchemy.engine.Engine PRAGMA main.table_info("quotations")
2026-05-30 11:33:26,956 INFO sqlalchemy.engine.Engine [raw sql] ()
2026-05-30 11:33:26,958 INFO sqlalchemy.engine.Engine PRAGMA main.table_info("quotation_line_items")
2026-05-30 11:33:26,959 INFO sqlalchemy.engine.Engine [raw sql] ()
2026-05-30 11:33:26,961 INFO sqlalchemy.engine.Engine PRAGMA main.table_info("sales_invoices")
2026-05-30 11:33:26,964 INFO sqlalchemy.engine.Engine [raw sql] ()
2026-05-30 11:33:26,967 INFO sqlalchemy.engine.Engine PRAGMA main.table_info("sales_invoice_line_items")
2026-05-30 11:33:26,969 INFO sqlalchemy.engine.Engine [raw sql] ()
2026-05-30 11:33:26,974 INFO sqlalchemy.engine.Engine PRAGMA main.table_info("cost_centers")
2026-05-30 11:33:26,975 INFO sqlalchemy.engine.Engine [raw sql] ()
2026-05-30 11:33:26,978 INFO sqlalchemy.engine.Engine PRAGMA main.table_info("payment_vouchers")
2026-05-30 11:33:26,979 INFO sqlalchemy.engine.Engine [raw sql] ()
2026-05-30 11:33:26,980 INFO sqlalchemy.engine.Engine PRAGMA main.table_info("users")
2026-05-30 11:33:26,981 INFO sqlalchemy.engine.Engine [raw sql] ()
2026-05-30 11:33:26,983 INFO sqlalchemy.engine.Engine PRAGMA main.table_info("activity_log")
2026-05-30 11:33:26,983 INFO sqlalchemy.engine.Engine [raw sql] ()
2026-05-30 11:33:26,987 INFO sqlalchemy.engine.Engine PRAGMA main.table_info("events")
2026-05-30 11:33:26,987 INFO sqlalchemy.engine.Engine [raw sql] ()
2026-05-30 11:33:26,989 INFO sqlalchemy.engine.Engine PRAGMA main.table_info("employees")
2026-05-30 11:33:26,989 INFO sqlalchemy.engine.Engine [raw sql] ()
2026-05-30 11:33:26,991 INFO sqlalchemy.engine.Engine PRAGMA main.table_info("leave_requests")
2026-05-30 11:33:26,991 INFO sqlalchemy.engine.Engine [raw sql] ()
2026-05-30 11:33:26,993 INFO sqlalchemy.engine.Engine PRAGMA main.table_info("task_assignments")
2026-05-30 11:33:26,993 INFO sqlalchemy.engine.Engine [raw sql] ()
2026-05-30 11:33:26,994 INFO sqlalchemy.engine.Engine PRAGMA main.table_info("journal_vouchers")
2026-05-30 11:33:26,995 INFO sqlalchemy.engine.Engine [raw sql] ()
2026-05-30 11:33:26,996 INFO sqlalchemy.engine.Engine PRAGMA main.table_info("vat_returns")
2026-05-30 11:33:26,997 INFO sqlalchemy.engine.Engine [raw sql] ()
2026-05-30 11:33:26,998 INFO sqlalchemy.engine.Engine PRAGMA main.table_info("company_profiles")
2026-05-30 11:33:26,999 INFO sqlalchemy.engine.Engine [raw sql] ()
2026-05-30 11:33:27,000 INFO sqlalchemy.engine.Engine PRAGMA main.table_info("categories")
2026-05-30 11:33:27,003 INFO sqlalchemy.engine.Engine [raw sql] ()
2026-05-30 11:33:27,005 INFO sqlalchemy.engine.Engine PRAGMA main.table_info("sub_categories")
2026-05-30 11:33:27,006 INFO sqlalchemy.engine.Engine [raw sql] ()
2026-05-30 11:33:27,008 INFO sqlalchemy.engine.Engine PRAGMA main.table_info("chart_accounts")
2026-05-30 11:33:27,009 INFO sqlalchemy.engine.Engine [raw sql] ()
2026-05-30 11:33:27,011 INFO sqlalchemy.engine.Engine PRAGMA main.table_info("e_invoice_lines")
2026-05-30 11:33:27,011 INFO sqlalchemy.engine.Engine [raw sql] ()
2026-05-30 11:33:27,013 INFO sqlalchemy.engine.Engine PRAGMA main.table_info("budget_periods")
2026-05-30 11:33:27,013 INFO sqlalchemy.engine.Engine [raw sql] ()
2026-05-30 11:33:27,015 INFO sqlalchemy.engine.Engine PRAGMA main.table_info("budget_lines")
2026-05-30 11:33:27,016 INFO sqlalchemy.engine.Engine [raw sql] ()
2026-05-30 11:33:27,019 INFO sqlalchemy.engine.Engine PRAGMA main.table_info("budget_commitments")
2026-05-30 11:33:27,019 INFO sqlalchemy.engine.Engine [raw sql] ()
2026-05-30 11:33:27,021 INFO sqlalchemy.engine.Engine PRAGMA main.table_info("prescriptions")
2026-05-30 11:33:27,021 INFO sqlalchemy.engine.Engine [raw sql] ()
2026-05-30 11:33:27,023 INFO sqlalchemy.engine.Engine PRAGMA main.table_info("receipt_vouchers")
2026-05-30 11:33:27,023 INFO sqlalchemy.engine.Engine [raw sql] ()
2026-05-30 11:33:27,025 INFO sqlalchemy.engine.Engine PRAGMA main.table_info("or_insights")
2026-05-30 11:33:27,025 INFO sqlalchemy.engine.Engine [raw sql] ()
2026-05-30 11:33:27,027 INFO sqlalchemy.engine.Engine PRAGMA temp.table_info("or_insights")
2026-05-30 11:33:27,028 INFO sqlalchemy.engine.Engine [raw sql] ()
2026-05-30 11:33:27,029 INFO sqlalchemy.engine.Engine PRAGMA main.table_info("audit_logs")
2026-05-30 11:33:27,030 INFO sqlalchemy.engine.Engine [raw sql] ()
2026-05-30 11:33:27,036 INFO sqlalchemy.engine.Engine ROLLBACK
[Lifespan] DB init warning: Could not initialize target column for ForeignKey 'jobs.job_id' on table 'or_insights': table 'jobs' has no column named 'job_id'
INFO:     127.0.0.1:52767 - "GET /api/v1/health HTTP/1.1" 200 OK
INFO:     127.0.0.1:52774 - "GET /api/v1/health HTTP/1.1" 200 OK
2026-05-30 11:35:03,074 INFO sqlalchemy.engine.Engine BEGIN (implicit)
2026-05-30 11:35:03,080 INFO sqlalchemy.engine.Engine ROLLBACK
INFO:     127.0.0.1:52791 - "POST /api/v1/jobs/e2e-test/or-insights HTTP/1.1" 500 Internal Server Error
2026-05-30 11:35:14,174 INFO sqlalchemy.engine.Engine BEGIN (implicit)
2026-05-30 11:35:14,626 INFO sqlalchemy.engine.Engine SELECT or_insights.id, or_insights.job_id, or_insights.insight_id, or_insights.module, or_insights.integration_type, or_insights.or_score, or_insights.sensitivity_range, or_insights.status, or_insights.analysis_url, or_insights.recommendations, or_insights.raw_data, or_insights.ui_render_hints, or_insights.created_at, or_insights.received_at 
FROM or_insights 
WHERE or_insights.job_id = ? ORDER BY or_insights.created_at
2026-05-30 11:35:14,634 INFO sqlalchemy.engine.Engine [generated in 0.02109s] ('e2e-test',)
2026-05-30 11:35:14,831 INFO sqlalchemy.engine.Engine ROLLBACK
INFO:     127.0.0.1:52795 - "GET /api/v1/jobs/e2e-test/or-insights HTTP/1.1" 500 Internal Server Error
2026-05-30 11:35:17,989 INFO sqlalchemy.engine.Engine BEGIN (implicit)
2026-05-30 11:35:17,991 INFO sqlalchemy.engine.Engine SELECT or_insights.id, or_insights.job_id, or_insights.insight_id, or_insights.module, or_insights.integration_type, or_insights.or_score, or_insights.sensitivity_range, or_insights.status, or_insights.analysis_url, or_insights.recommendations, or_insights.raw_data, or_insights.ui_render_hints, or_insights.created_at, or_insights.received_at 
FROM or_insights 
WHERE or_insights.job_id = ? ORDER BY or_insights.created_at
2026-05-30 11:35:17,994 INFO sqlalchemy.engine.Engine [cached since 3.383s ago] ('e2e-test',)
2026-05-30 11:35:18,000 INFO sqlalchemy.engine.Engine ROLLBACK
INFO:     127.0.0.1:52798 - "GET /api/v1/jobs/e2e-test/or-insights/badge HTTP/1.1" 500 Internal Server Error
INFO:     127.0.0.1:52801 - "GET /api/v1/health HTTP/1.1" 200 OK
INFO:     127.0.0.1:52803 - "GET / HTTP/1.1" 200 OK
2026-05-30 11:35:52,916 INFO sqlalchemy.engine.Engine BEGIN (implicit)
2026-05-30 11:35:52,922 INFO sqlalchemy.engine.Engine SELECT or_insights.id, or_insights.job_id, or_insights.insight_id, or_insights.module, or_insights.integration_type, or_insights.or_score, or_insights.sensitivity_range, or_insights.status, or_insights.analysis_url, or_insights.recommendations, or_insights.raw_data, or_insights.ui_render_hints, or_insights.created_at, or_insights.received_at 
FROM or_insights 
WHERE or_insights.job_id = ? ORDER BY or_insights.created_at
2026-05-30 11:35:52,941 INFO sqlalchemy.engine.Engine [cached since 38.33s ago] ('test-job',)
2026-05-30 11:35:52,979 INFO sqlalchemy.engine.Engine ROLLBACK
INFO:     127.0.0.1:52809 - "GET /api/v1/jobs/test-job/or-insights HTTP/1.1" 500 Internal Server Error
